<?xml version="1.0" encoding="UTF-8"?>
<testng-results skipped="0" failed="0" ignored="0" total="1" passed="1">
  <reporter-output>
  </reporter-output>
  <suite name="Suite" duration-ms="21912" started-at="2020-07-28T06:52:45Z" finished-at="2020-07-28T06:53:07Z">
    <groups>
    </groups>
    <test name="Test" duration-ms="21912" started-at="2020-07-28T06:52:45Z" finished-at="2020-07-28T06:53:07Z">
      <class name="testclass.testclassactitimeloginpage">
        <test-method status="PASS" signature="loginpage()[pri:0, instance:testclass.testclassactitimeloginpage@4d95d2a2]" name="loginpage" duration-ms="21853" started-at="2020-07-28T06:52:45Z" finished-at="2020-07-28T06:53:07Z">
          <reporter-output>
          </reporter-output>
        </test-method> <!-- loginpage -->
      </class> <!-- testclass.testclassactitimeloginpage -->
    </test> <!-- Test -->
  </suite> <!-- Suite -->
</testng-results>
